0 verbose cli /home/cwagne17/.nvm/versions/node/v22.16.0/bin/node /home/cwagne17/.nvm/versions/node/v22.16.0/bin/npm
1 info using npm@10.9.2
2 info using node@v22.16.0
3 silly config load:file:/home/cwagne17/.nvm/versions/node/v22.16.0/lib/node_modules/npm/npmrc
4 silly config load:file:/home/cwagne17/Documents/Personal/chriswagner.dev/.npmrc
5 silly config load:file:/home/cwagne17/.npmrc
6 silly config load:file:/home/cwagne17/.nvm/versions/node/v22.16.0/etc/npmrc
7 verbose title npm ci
8 verbose argv "ci" "--cache" ".npm" "--prefer-offline"
9 verbose logfile logs-max:10 dir:/home/cwagne17/Documents/Personal/chriswagner.dev/.npm/_logs/2026-02-25T15_57_54_421Z-
10 verbose logfile /home/cwagne17/Documents/Personal/chriswagner.dev/.npm/_logs/2026-02-25T15_57_54_421Z-debug-0.log
11 silly logfile done cleaning log files
12 http fetch GET https://registry.npmjs.org/npm attempt 1 failed with EAI_AGAIN
13 silly packumentCache heap:4345298944 maxSize:1086324736 maxEntrySize:543162368
14 silly idealTree buildDeps
15 silly fetch manifest @aws-sdk/types@^3.734.0
16 silly packumentCache full:https://registry.npmjs.org/@aws-sdk%2ftypes cache-miss
17 http fetch GET https://registry.npmjs.org/@aws-sdk%2ftypes attempt 1 failed with EAI_AGAIN
18 http fetch GET https://registry.npmjs.org/npm attempt 2 failed with EAI_AGAIN
19 http fetch GET https://registry.npmjs.org/@aws-sdk%2ftypes attempt 2 failed with EAI_AGAIN
20 http fetch GET https://registry.npmjs.org/npm attempt 3 failed with EAI_AGAIN
21 http fetch GET https://registry.npmjs.org/@aws-sdk%2ftypes attempt 3 failed with EAI_AGAIN
22 silly placeDep node_modules/@aws-amplify/data-construct/node_modules/@aws-amplify/ai-constructs @aws-sdk/types@ REPLACE for: @aws-amplify/plugin-types@1.10.1 want: ^3.734.0
23 warn ERESOLVE overriding peer dependency {
23 warn ERESOLVE   code: 'ERESOLVE',
23 warn ERESOLVE   edge: {
23 warn ERESOLVE     type: 'peer',
23 warn ERESOLVE     name: '@aws-sdk/types',
23 warn ERESOLVE     spec: '^3.734.0',
23 warn ERESOLVE     error: 'PEER LOCAL',
23 warn ERESOLVE     from: {
23 warn ERESOLVE       name: '@aws-amplify/plugin-types',
23 warn ERESOLVE       version: '1.10.1',
23 warn ERESOLVE       location: 'node_modules/@aws-amplify/data-construct/node_modules/@aws-amplify/ai-constructs/node_modules/@aws-amplify/plugin-types',
23 warn ERESOLVE       isWorkspace: false,
23 warn ERESOLVE       dependents: [Array]
23 warn ERESOLVE     }
23 warn ERESOLVE   },
23 warn ERESOLVE   dep: {
23 warn ERESOLVE     name: '@aws-sdk/types',
23 warn ERESOLVE     version: undefined,
23 warn ERESOLVE     errors: [ [FetchError] ],
23 warn ERESOLVE     package: {},
23 warn ERESOLVE     whileInstalling: {
23 warn ERESOLVE       name: '@aws-amplify/plugin-types',
23 warn ERESOLVE       version: '1.10.1',
23 warn ERESOLVE       path: '/home/cwagne17/Documents/Personal/chriswagner.dev/node_modules/@aws-amplify/data-construct/node_modules/@aws-amplify/ai-constructs/node_modules/@aws-amplify/plugin-types'
23 warn ERESOLVE     },
23 warn ERESOLVE     location: 'node_modules/@aws-sdk/types',
23 warn ERESOLVE     isWorkspace: false,
23 warn ERESOLVE     dependents: [ [Object] ]
23 warn ERESOLVE   },
23 warn ERESOLVE   force: false,
23 warn ERESOLVE   isMine: false,
23 warn ERESOLVE   strictPeerDeps: false,
23 warn ERESOLVE   current: {
23 warn ERESOLVE     name: '@aws-sdk/types',
23 warn ERESOLVE     version: '3.821.0',
23 warn ERESOLVE     location: 'node_modules/@aws-amplify/data-construct/node_modules/@aws-amplify/ai-constructs/node_modules/@aws-amplify/plugin-types/node_modules/@aws-sdk/types',
23 warn ERESOLVE     isWorkspace: false,
23 warn ERESOLVE     dependents: []
23 warn ERESOLVE   }
23 warn ERESOLVE }
24 silly fetch manifest @aws-sdk/types@^3.734.0
25 silly packumentCache full:https://registry.npmjs.org/@aws-sdk%2ftypes cache-miss
26 http fetch GET https://registry.npmjs.org/@aws-sdk%2ftypes attempt 1 failed with EAI_AGAIN
27 http fetch GET https://registry.npmjs.org/@aws-sdk%2ftypes attempt 2 failed with EAI_AGAIN
28 http fetch GET https://registry.npmjs.org/@aws-sdk%2ftypes attempt 3 failed with EAI_AGAIN
29 silly placeDep node_modules/@aws-amplify/graphql-api-construct/node_modules/@aws-amplify/ai-constructs @aws-sdk/types@ REPLACE for: @aws-amplify/plugin-types@1.10.1 want: ^3.734.0
30 warn ERESOLVE overriding peer dependency {
30 warn ERESOLVE   code: 'ERESOLVE',
30 warn ERESOLVE   edge: {
30 warn ERESOLVE     type: 'peer',
30 warn ERESOLVE     name: '@aws-sdk/types',
30 warn ERESOLVE     spec: '^3.734.0',
30 warn ERESOLVE     error: 'PEER LOCAL',
30 warn ERESOLVE     from: {
30 warn ERESOLVE       name: '@aws-amplify/plugin-types',
30 warn ERESOLVE       version: '1.10.1',
30 warn ERESOLVE       location: 'node_modules/@aws-amplify/graphql-api-construct/node_modules/@aws-amplify/ai-constructs/node_modules/@aws-amplify/plugin-types',
30 warn ERESOLVE       isWorkspace: false,
30 warn ERESOLVE       dependents: [Array]
30 warn ERESOLVE     }
30 warn ERESOLVE   },
30 warn ERESOLVE   dep: {
30 warn ERESOLVE     name: '@aws-sdk/types',
30 warn ERESOLVE     version: undefined,
30 warn ERESOLVE     errors: [ [FetchError] ],
30 warn ERESOLVE     package: {},
30 warn ERESOLVE     whileInstalling: {
30 warn ERESOLVE       name: '@aws-amplify/plugin-types',
30 warn ERESOLVE       version: '1.10.1',
30 warn ERESOLVE       path: '/home/cwagne17/Documents/Personal/chriswagner.dev/node_modules/@aws-amplify/graphql-api-construct/node_modules/@aws-amplify/ai-constructs/node_modules/@aws-amplify/plugin-types'
30 warn ERESOLVE     },
30 warn ERESOLVE     location: 'node_modules/@aws-sdk/types',
30 warn ERESOLVE     isWorkspace: false,
30 warn ERESOLVE     dependents: [ [Object] ]
30 warn ERESOLVE   },
30 warn ERESOLVE   force: false,
30 warn ERESOLVE   isMine: false,
30 warn ERESOLVE   strictPeerDeps: false,
30 warn ERESOLVE   current: {
30 warn ERESOLVE     name: '@aws-sdk/types',
30 warn ERESOLVE     version: '3.821.0',
30 warn ERESOLVE     location: 'node_modules/@aws-amplify/graphql-api-construct/node_modules/@aws-amplify/ai-constructs/node_modules/@aws-amplify/plugin-types/node_modules/@aws-sdk/types',
30 warn ERESOLVE     isWorkspace: false,
30 warn ERESOLVE     dependents: []
30 warn ERESOLVE   }
30 warn ERESOLVE }
31 verbose type system
32 verbose stack FetchError: request to https://registry.npmjs.org/@aws-sdk%2ftypes failed, reason: getaddrinfo EAI_AGAIN registry.npmjs.org
32 verbose stack     at ClientRequest.<anonymous> (/home/cwagne17/.nvm/versions/node/v22.16.0/lib/node_modules/npm/node_modules/minipass-fetch/lib/index.js:130:14)
32 verbose stack     at ClientRequest.emit (node:events:518:28)
32 verbose stack     at emitErrorEvent (node:_http_client:104:11)
32 verbose stack     at _destroy (node:_http_client:898:9)
32 verbose stack     at onSocketNT (node:_http_client:918:5)
32 verbose stack     at process.processTicksAndRejections (node:internal/process/task_queues:91:21)
33 error code EAI_AGAIN
34 error syscall getaddrinfo
35 error errno EAI_AGAIN
36 error request to https://registry.npmjs.org/@aws-sdk%2ftypes failed, reason: getaddrinfo EAI_AGAIN registry.npmjs.org
37 verbose cwd /home/cwagne17/Documents/Personal/chriswagner.dev
38 verbose os Linux 5.15.167.4-microsoft-standard-WSL2
39 verbose node v22.16.0
40 verbose npm  v10.9.2
41 verbose exit 1
42 verbose code 1
43 error A complete log of this run can be found in: /home/cwagne17/Documents/Personal/chriswagner.dev/.npm/_logs/2026-02-25T15_57_54_421Z-debug-0.log
